<?xml version="1.0" encoding="utf-8"?><testsuites name="pytest tests"><testsuite name="pytest" errors="0" failures="0" skipped="0" tests="5" time="0.980" timestamp="2026-06-16T03:51:39.465935+00:00" hostname="agent-env-8e4a18ef-346d-4451-b0ec-e8add6875106"><testcase classname="backend.tests.test_health_status.TestHealth" name="test_api_health_200" time="0.176" /><testcase classname="backend.tests.test_health_status.TestHealth" name="test_root_health_200" time="0.100" /><testcase classname="backend.tests.test_health_status.TestStatus" name="test_get_status_returns_list" time="0.145" /><testcase classname="backend.tests.test_health_status.TestStatus" name="test_create_status_and_persist" time="0.170" /><testcase classname="backend.tests.test_health_status.TestStatus" name="test_root_api_route" time="0.170" /></testsuite></testsuites>